<?xml version="1.0" encoding="UTF-8"?>
<!-- Generated by org.testng.reporters.JUnitReportReporter -->
<testsuite hostname="DESKTOP-1TQ704J" failures="0" tests="1" name="com.arola.notaker.DaoTests.NoteDaoTests" time="5.045" errors="0" timestamp="2023-12-14T08:57:35 EAT" skipped="0">
  <testcase classname="com.arola.notaker.DaoTests.NoteDaoTests" name="testPopulateNotes" time="5.045"/>
  <system-out/>
</testsuite> <!-- com.arola.notaker.DaoTests.NoteDaoTests -->
