<?xml version="1.0" encoding="UTF-8"?>
<!-- Generated by org.testng.reporters.JUnitReportReporter -->
<testsuite hostname="DESKTOP-1TQ704J" failures="0" tests="1" name="com.arola.notaker.DaoTests.NoteDaoTests" time="3.871" errors="0" timestamp="2023-12-30T23:20:41 EAT" skipped="0">
  <testcase classname="com.arola.notaker.DaoTests.NoteDaoTests" name="testeditNoteContent" time="3.871"/>
  <system-out/>
</testsuite> <!-- com.arola.notaker.DaoTests.NoteDaoTests -->
