<?xml version="1.0" encoding="UTF-8"?>
<!-- Generated by org.testng.reporters.JUnitReportReporter -->
<testsuite hostname="DESKTOP-1TQ704J" failures="0" tests="1" name="com.arola.notaker.DaoTests.TagDaoTests" time="0.134" errors="0" timestamp="2023-12-15T12:02:56 EAT" skipped="0">
  <testcase classname="com.arola.notaker.DaoTests.TagDaoTests" name="testremoveTagByName" time="0.134"/>
  <system-out/>
</testsuite> <!-- com.arola.notaker.DaoTests.TagDaoTests -->
