<?xml version="1.0" encoding="UTF-8"?>
<!-- Generated by org.testng.reporters.JUnitReportReporter -->
<testsuite hostname="DESKTOP-1TQ704J" failures="0" tests="1" name="com.arola.notaker.DaoTests.ReminderDaoTests" time="0.158" errors="0" timestamp="2023-12-15T10:33:16 EAT" skipped="0">
  <testcase classname="com.arola.notaker.DaoTests.ReminderDaoTests" name="testupdateReminderById" time="0.158"/>
  <system-out/>
</testsuite> <!-- com.arola.notaker.DaoTests.ReminderDaoTests -->
