<?xml version="1.0" encoding="UTF-8"?>
<!-- Generated by org.testng.reporters.JUnitReportReporter -->
<testsuite hostname="DESKTOP-1TQ704J" failures="0" tests="1" name="com.arola.notaker.DaoTests.NotebookTests" time="3.967" errors="0" timestamp="2023-12-05T20:32:39 EAT" skipped="0">
  <testcase classname="com.arola.notaker.DaoTests.NotebookTests" name="addNotebooks" time="3.967"/>
  <system-out/>
</testsuite> <!-- com.arola.notaker.DaoTests.NotebookTests -->
