<?xml version="1.0" encoding="UTF-8"?>
<!-- Generated by org.testng.reporters.JUnitReportReporter -->
<testsuite hostname="DESKTOP-1TQ704J" failures="0" tests="1" name="com.arola.notaker.DaoTests.NoteDaoTests" time="3.883" errors="0" timestamp="2023-12-26T19:10:45 EAT" skipped="0">
  <testcase classname="com.arola.notaker.DaoTests.NoteDaoTests" name="testCreateNote2" time="3.883"/>
  <system-out/>
</testsuite> <!-- com.arola.notaker.DaoTests.NoteDaoTests -->
