<?xml version="1.0" encoding="UTF-8"?>
<!-- Generated by org.testng.reporters.JUnitReportReporter -->
<testsuite hostname="DESKTOP-1TQ704J" failures="0" tests="1" name="com.arola.notaker.DaoTests.NoteDaoTests" time="3.870" errors="0" timestamp="2023-12-11T18:03:51 EAT" skipped="0">
  <testcase classname="com.arola.notaker.DaoTests.NoteDaoTests" name="testdeleteNoteContents" time="3.870"/>
  <system-out/>
</testsuite> <!-- com.arola.notaker.DaoTests.NoteDaoTests -->
