<?xml version="1.0" encoding="UTF-8"?>
<!-- Generated by org.testng.reporters.JUnitReportReporter -->
<testsuite hostname="DESKTOP-1TQ704J" failures="0" tests="1" name="com.arola.notaker.DaoTests.RefsDaoTests" time="0.093" errors="0" timestamp="2023-12-17T10:23:19 EAT" skipped="0">
  <testcase classname="com.arola.notaker.DaoTests.RefsDaoTests" name="testRemoveRefByTitle" time="0.093"/>
  <system-out/>
</testsuite> <!-- com.arola.notaker.DaoTests.RefsDaoTests -->
