<?xml version="1.0" encoding="UTF-8"?>
<!-- Generated by org.testng.reporters.JUnitReportReporter -->
<testsuite hostname="DESKTOP-1TQ704J" failures="0" tests="2" name="com.arola.notaker.DaoTests.UserDaoTest" time="0.111" errors="1" timestamp="2023-12-13T21:21:00 EAT" skipped="1">
  <testcase classname="com.arola.notaker.DaoTests.UserDaoTest" name="testDeleteUserById" time="0.111">
    <error message="failed to lazily initialize a collection of role: com.arola.notaker.entities.User.notebooks, could not initialize proxy - no Session" type="org.hibernate.LazyInitializationException">
      <![CDATA[org.hibernate.LazyInitializationException: failed to lazily initialize a collection of role: com.arola.notaker.entities.User.notebooks, could not initialize proxy - no Session
at org.hibernate.collection.internal.AbstractPersistentCollection.throwLazyInitializationException(AbstractPersistentCollection.java:606)
at org.hibernate.collection.internal.AbstractPersistentCollection.withTemporarySessionIfNeeded(AbstractPersistentCollection.java:218)
at org.hibernate.collection.internal.AbstractPersistentCollection.initialize(AbstractPersistentCollection.java:585)
at org.hibernate.collection.internal.AbstractPersistentCollection.read(AbstractPersistentCollection.java:149)
at org.hibernate.collection.internal.PersistentBag.toString(PersistentBag.java:621)
at java.base/java.lang.String.valueOf(String.java:4220)
at java.base/java.lang.StringBuilder.append(StringBuilder.java:173)
at com.arola.notaker.entities.User.toString(User.java:23)
at java.base/java.lang.String.valueOf(String.java:4220)
at java.base/java.lang.StringBuilder.append(StringBuilder.java:173)
at org.testng.Assert.failNotSame(Assert.java:1033)
at org.testng.Assert.assertNull(Assert.java:965)
at org.testng.Assert.assertNull(Assert.java:953)
at com.arola.notaker.DaoTests.UserDaoTest.testDeleteUserById(UserDaoTest.java:112)
at java.base/jdk.internal.reflect.NativeMethodAccessorImpl.invoke0(Native Method)
at java.base/jdk.internal.reflect.NativeMethodAccessorImpl.invoke(NativeMethodAccessorImpl.java:77)
at java.base/jdk.internal.reflect.DelegatingMethodAccessorImpl.invoke(DelegatingMethodAccessorImpl.java:43)
at java.base/java.lang.reflect.Method.invoke(Method.java:568)
at org.testng.internal.MethodInvocationHelper.invokeMethod(MethodInvocationHelper.java:133)
at org.testng.internal.TestInvoker.invokeMethod(TestInvoker.java:598)
at org.testng.internal.TestInvoker.invokeTestMethod(TestInvoker.java:173)
at org.testng.internal.MethodRunner.runInSequence(MethodRunner.java:46)
at org.testng.internal.TestInvoker$MethodInvocationAgent.invoke(TestInvoker.java:824)
at org.testng.internal.TestInvoker.invokeTestMethods(TestInvoker.java:146)
at org.testng.internal.TestMethodWorker.invokeTestMethods(TestMethodWorker.java:146)
at org.testng.internal.TestMethodWorker.run(TestMethodWorker.java:128)
at java.base/java.util.ArrayList.forEach(ArrayList.java:1511)
at org.testng.TestRunner.privateRun(TestRunner.java:794)
at org.testng.TestRunner.run(TestRunner.java:596)
at org.testng.SuiteRunner.runTest(SuiteRunner.java:377)
at org.testng.SuiteRunner.runSequentially(SuiteRunner.java:371)
at org.testng.SuiteRunner.privateRun(SuiteRunner.java:332)
at org.testng.SuiteRunner.run(SuiteRunner.java:276)
at org.testng.SuiteRunnerWorker.runSuite(SuiteRunnerWorker.java:53)
at org.testng.SuiteRunnerWorker.run(SuiteRunnerWorker.java:96)
at org.testng.TestNG.runSuitesSequentially(TestNG.java:1212)
at org.testng.TestNG.runSuitesLocally(TestNG.java:1134)
at org.testng.TestNG.runSuites(TestNG.java:1063)
at org.testng.TestNG.run(TestNG.java:1031)
at org.testng.remote.AbstractRemoteTestNG.run(AbstractRemoteTestNG.java:115)
at org.testng.remote.RemoteTestNG.initAndRun(RemoteTestNG.java:251)
at org.testng.remote.RemoteTestNG.main(RemoteTestNG.java:77)
]]>
    </error>
  </testcase> <!-- testDeleteUserById -->
  <system-out/>
  <testcase classname="com.arola.notaker.DaoTests.UserDaoTest" name="testFindUserByName">
    <skipped/>
  </testcase> <!-- testFindUserByName -->
  <system-out/>
</testsuite> <!-- com.arola.notaker.DaoTests.UserDaoTest -->
