<?xml version="1.0" encoding="UTF-8"?>
<!-- Generated by org.testng.reporters.JUnitReportReporter -->
<testsuite hostname="DESKTOP-1TQ704J" failures="0" tests="1" name="com.arola.notaker.DaoTests.SummaryDaoTests" time="0.081" errors="0" timestamp="2023-12-18T22:24:35 EAT" skipped="0">
  <testcase classname="com.arola.notaker.DaoTests.SummaryDaoTests" name="testremoveSummary" time="0.081"/>
  <system-out/>
</testsuite> <!-- com.arola.notaker.DaoTests.SummaryDaoTests -->
