<?xml version="1.0" encoding="UTF-8"?>
<!-- Generated by org.testng.reporters.JUnitReportReporter -->
<testsuite hostname="DESKTOP-1TQ704J" failures="0" tests="1" name="com.arola.notaker.DaoTests.NotebookDaoTests" time="0.666" errors="0" timestamp="2023-12-27T10:24:08 EAT" skipped="0">
  <testcase classname="com.arola.notaker.DaoTests.NotebookDaoTests" name="testDeleteNotebook" time="0.666"/>
  <system-out/>
</testsuite> <!-- com.arola.notaker.DaoTests.NotebookDaoTests -->
